\BOOKMARK [1][-]{section.1}{Language Model \(Bengio, 2003\)}{}% 1
\BOOKMARK [2][-]{subsection.1.1}{0. Dataset and Description}{section.1}% 2
\BOOKMARK [2][-]{subsection.1.2}{1. Libraries and packages}{section.1}% 3
\BOOKMARK [3][-]{subsubsection.1.2.1}{1.1 Install packages}{subsection.1.2}% 4
\BOOKMARK [3][-]{subsubsection.1.2.2}{1.2 Import libraries}{subsection.1.2}% 5
\BOOKMARK [3][-]{subsubsection.1.2.3}{1.3 Check device}{subsection.1.2}% 6
\BOOKMARK [3][-]{subsubsection.1.2.4}{1.4 Constants definition}{subsection.1.2}% 7
\BOOKMARK [2][-]{subsection.1.3}{2. Dataset}{section.1}% 8
\BOOKMARK [3][-]{subsubsection.1.3.1}{2.1 Download}{subsection.1.3}% 9
\BOOKMARK [3][-]{subsubsection.1.3.2}{2.2 Dataset preparation}{subsection.1.3}% 10
\BOOKMARK [3][-]{subsubsection.1.3.3}{2.3 Check if in DEBUG mode}{subsection.1.3}% 11
\BOOKMARK [3][-]{subsubsection.1.3.4}{2.4 Padding}{subsection.1.3}% 12
\BOOKMARK [3][-]{subsubsection.1.3.5}{2.5 Token indexes list}{subsection.1.3}% 13
\BOOKMARK [3][-]{subsubsection.1.3.6}{2.6 Format inputs and targets}{subsection.1.3}% 14
\BOOKMARK [3][-]{subsubsection.1.3.7}{2.7 PyTorch dataset Creation}{subsection.1.3}% 15
\BOOKMARK [3][-]{subsubsection.1.3.8}{2.8 Embedding}{subsection.1.3}% 16
\BOOKMARK [3][-]{subsubsection.1.3.9}{2.9 PyTorch loader creation}{subsection.1.3}% 17
\BOOKMARK [2][-]{subsection.1.4}{3. Network Model}{section.1}% 18
\BOOKMARK [3][-]{subsubsection.1.4.1}{3.1 Network class definition}{subsection.1.4}% 19
\BOOKMARK [3][-]{subsubsection.1.4.2}{3.2 Network instantiation}{subsection.1.4}% 20
\BOOKMARK [3][-]{subsubsection.1.4.3}{3.3 Network predict with few samples of batch from loader}{subsection.1.4}% 21
\BOOKMARK [2][-]{subsection.1.5}{4. Network training}{section.1}% 22
\BOOKMARK [3][-]{subsubsection.1.5.1}{4.1 Training definitions}{subsection.1.5}% 23
\BOOKMARK [3][-]{subsubsection.1.5.2}{4.2 Training loop}{subsection.1.5}% 24
\BOOKMARK [2][-]{subsection.1.6}{5. Training evaluation}{section.1}% 25
\BOOKMARK [3][-]{subsubsection.1.6.1}{5.1 Perplexity during training}{subsection.1.6}% 26
\BOOKMARK [3][-]{subsubsection.1.6.2}{5.2 Perplexity during validation}{subsection.1.6}% 27
\BOOKMARK [3][-]{subsubsection.1.6.3}{5.3 Both curves in a single plot}{subsection.1.6}% 28
\BOOKMARK [3][-]{subsubsection.1.6.4}{5.3 Zoom at the minimum of CE loss curve}{subsection.1.6}% 29
\BOOKMARK [3][-]{subsubsection.1.6.5}{5.4 Print the final values of the main training monitoring variables:}{subsection.1.6}% 30
\BOOKMARK [2][-]{subsection.1.7}{6. Metrics on test set}{section.1}% 31
\BOOKMARK [3][-]{subsubsection.1.7.1}{6.1 Test data loader}{subsection.1.7}% 32
\BOOKMARK [3][-]{subsubsection.1.7.2}{6.2 Cross-Entropy and Perplexity}{subsection.1.7}% 33
\BOOKMARK [2][-]{subsection.1.8}{End of the notebook}{section.1}% 34
