\BOOKMARK [1][-]{section.1}{Sentiment analysis}{}% 1
\BOOKMARK [2][-]{subsection.1.1}{0. Dataset and Description}{section.1}% 2
\BOOKMARK [2][-]{subsection.1.2}{1. Libraries and packages}{section.1}% 3
\BOOKMARK [3][-]{subsubsection.1.2.1}{1.1 Install packages}{subsection.1.2}% 4
\BOOKMARK [3][-]{subsubsection.1.2.2}{1.2 Import libraries}{subsection.1.2}% 5
\BOOKMARK [3][-]{subsubsection.1.2.3}{1.3 Check device}{subsection.1.2}% 6
\BOOKMARK [3][-]{subsubsection.1.2.4}{1.4 Constants definition}{subsection.1.2}% 7
\BOOKMARK [2][-]{subsection.1.3}{2. Custom functions and classes}{section.1}% 8
\BOOKMARK [3][-]{subsubsection.1.3.1}{2.1 Functions}{subsection.1.3}% 9
\BOOKMARK [3][-]{subsubsection.1.3.2}{2.2 Classes}{subsection.1.3}% 10
\BOOKMARK [2][-]{subsection.1.4}{3. Dataset}{section.1}% 11
\BOOKMARK [3][-]{subsubsection.1.4.1}{3.1 Download dataset}{subsection.1.4}% 12
\BOOKMARK [3][-]{subsubsection.1.4.2}{3.2 Download embeddings}{subsection.1.4}% 13
\BOOKMARK [3][-]{subsubsection.1.4.3}{3.3 Dataset preparation}{subsection.1.4}% 14
\BOOKMARK [3][-]{subsubsection.1.4.4}{3.3 PyTorch dataset creation}{subsection.1.4}% 15
\BOOKMARK [3][-]{subsubsection.1.4.5}{3.4 PyTorch loader creation}{subsection.1.4}% 16
\BOOKMARK [3][-]{subsubsection.1.4.6}{3.5 Verifying shape, batch data type from loader and optionally its visualization}{subsection.1.4}% 17
\BOOKMARK [2][-]{subsection.1.5}{4. Network Model}{section.1}% 18
\BOOKMARK [3][-]{subsubsection.1.5.1}{4.1 Network class definition}{subsection.1.5}% 19
\BOOKMARK [3][-]{subsubsection.1.5.2}{4.2 Network instantiation}{subsection.1.5}% 20
\BOOKMARK [3][-]{subsubsection.1.5.3}{4.3 Network predict with few samples of batch from loader}{subsection.1.5}% 21
\BOOKMARK [2][-]{subsection.1.6}{5. Network training}{section.1}% 22
\BOOKMARK [3][-]{subsubsection.1.6.1}{5.1 Training definitions}{subsection.1.6}% 23
\BOOKMARK [3][-]{subsubsection.1.6.2}{5.2 Training loop}{subsection.1.6}% 24
\BOOKMARK [2][-]{subsection.1.7}{6. Training evaluation}{section.1}% 25
\BOOKMARK [3][-]{subsubsection.1.7.1}{6.1 Training and Validation Losses}{subsection.1.7}% 26
\BOOKMARK [3][-]{subsubsection.1.7.2}{6.2 Zoom at the minimum CE loss in the validation loss curve}{subsection.1.7}% 27
\BOOKMARK [3][-]{subsubsection.1.7.3}{6.3 Accuracy}{subsection.1.7}% 28
\BOOKMARK [3][-]{subsubsection.1.7.4}{6.4 Print the final values of the main training monitoring variables:}{subsection.1.7}% 29
\BOOKMARK [2][-]{subsection.1.8}{7. Metrics on test set}{section.1}% 30
\BOOKMARK [3][-]{subsubsection.1.8.1}{7.1 Accuracy}{subsection.1.8}% 31
\BOOKMARK [3][-]{subsubsection.1.8.2}{7.2 Confusion matrix}{subsection.1.8}% 32
\BOOKMARK [3][-]{subsubsection.1.8.3}{7.3 F1-score \(macro, micro and weighted\)}{subsection.1.8}% 33
\BOOKMARK [3][-]{subsubsection.1.8.4}{7.4 Accuracy and Precision}{subsection.1.8}% 34
\BOOKMARK [3][-]{subsubsection.1.8.5}{7.5 Precision, Recall and F1-Score for each class}{subsection.1.8}% 35
\BOOKMARK [2][-]{subsection.1.9}{8. Repeat training using GloVe Word Embeddings}{section.1}% 36
\BOOKMARK [3][-]{subsubsection.1.9.1}{8.1 Data loader}{subsection.1.9}% 37
\BOOKMARK [3][-]{subsubsection.1.9.2}{8.2 Network instantiation}{subsection.1.9}% 38
\BOOKMARK [3][-]{subsubsection.1.9.3}{8.3 Network training}{subsection.1.9}% 39
\BOOKMARK [3][-]{subsubsection.1.9.4}{8.4 Training evaluation}{subsection.1.9}% 40
\BOOKMARK [3][-]{subsubsection.1.9.5}{8.5. Metrics on test set}{subsection.1.9}% 41
\BOOKMARK [2][-]{subsection.1.10}{9. Number of parameters}{section.1}% 42
\BOOKMARK [3][-]{subsubsection.1.10.1}{9.1 TF-IDF}{subsection.1.10}% 43
\BOOKMARK [3][-]{subsubsection.1.10.2}{9.2 GloVe word embeddings}{subsection.1.10}% 44
\BOOKMARK [2][-]{subsection.1.11}{End of the notebook}{section.1}% 45
